Commit made on Thu Jun 19 14:28:21 UTC 2025
Thu Jun 19 14:34:36 UTC 2025 - keep repo alive
Thu Jun 19 14:34:48 UTC 2025 - keep repo alive
Fri Jun 20 04:58:19 UTC 2025 - keep repo alive
Sat Jun 21 04:53:56 UTC 2025 - keep repo alive
Sun Jun 22 04:58:59 UTC 2025 - keep repo alive
Mon Jun 23 05:01:04 UTC 2025 - keep repo alive
Tue Jun 24 05:00:11 UTC 2025 - keep repo alive
Wed Jun 25 04:59:56 UTC 2025 - keep repo alive
Thu Jun 26 04:58:31 UTC 2025 - keep repo alive
Fri Jun 27 04:59:26 UTC 2025 - keep repo alive
Sat Jun 28 04:58:03 UTC 2025 - keep repo alive
Sun Jun 29 05:40:20 UTC 2025 - keep repo alive
Mon Jun 30 05:00:43 UTC 2025 - keep repo alive
Tue Jul  1 05:41:45 UTC 2025 - keep repo alive
Wed Jul  2 04:59:50 UTC 2025 - keep repo alive
Thu Jul  3 05:42:13 UTC 2025 - keep repo alive
Fri Jul  4 05:01:37 UTC 2025 - keep repo alive
Sat Jul  5 04:55:51 UTC 2025 - keep repo alive
Sun Jul  6 05:14:27 UTC 2025 - keep repo alive
Mon Jul  7 05:08:18 UTC 2025 - keep repo alive
Tue Jul  8 04:58:54 UTC 2025 - keep repo alive
Wed Jul  9 05:43:36 UTC 2025 - keep repo alive
Thu Jul 10 05:02:09 UTC 2025 - keep repo alive
Fri Jul 11 05:42:21 UTC 2025 - keep repo alive
Sat Jul 12 04:59:00 UTC 2025 - keep repo alive
Sun Jul 13 05:01:55 UTC 2025 - keep repo alive
Mon Jul 14 05:45:09 UTC 2025 - keep repo alive
Tue Jul 15 04:58:55 UTC 2025 - keep repo alive
Wed Jul 16 04:59:29 UTC 2025 - keep repo alive
Thu Jul 17 04:59:26 UTC 2025 - keep repo alive
Fri Jul 18 05:00:21 UTC 2025 - keep repo alive
Sat Jul 19 04:53:58 UTC 2025 - keep repo alive
Sun Jul 20 05:00:46 UTC 2025 - keep repo alive
Mon Jul 21 05:01:57 UTC 2025 - keep repo alive
Tue Jul 22 04:59:30 UTC 2025 - keep repo alive
Wed Jul 23 05:00:03 UTC 2025 - keep repo alive
Thu Jul 24 04:59:43 UTC 2025 - keep repo alive
Fri Jul 25 05:01:06 UTC 2025 - keep repo alive
Sat Jul 26 04:58:38 UTC 2025 - keep repo alive
Sun Jul 27 05:01:21 UTC 2025 - keep repo alive
Mon Jul 28 05:03:24 UTC 2025 - keep repo alive
Tue Jul 29 05:04:26 UTC 2025 - keep repo alive
Wed Jul 30 05:02:32 UTC 2025 - keep repo alive
Thu Jul 31 05:01:00 UTC 2025 - keep repo alive
Fri Aug  1 05:07:01 UTC 2025 - keep repo alive
Sat Aug  2 04:58:30 UTC 2025 - keep repo alive
Sun Aug  3 05:03:26 UTC 2025 - keep repo alive
Mon Aug  4 05:11:36 UTC 2025 - keep repo alive
Tue Aug  5 05:04:13 UTC 2025 - keep repo alive
Wed Aug  6 05:03:54 UTC 2025 - keep repo alive
Thu Aug  7 05:03:14 UTC 2025 - keep repo alive
